# JRE version: OpenJDK Runtime Environment Temurin-21.0.10+7 (21.0.10+7) (build 21.0.10+7-LTS)
# Java VM: OpenJDK 64-Bit Server VM Temurin-21.0.10+7 (21.0.10+7-LTS, mixed mode, sharing, tiered, compressed oops, compressed class ptrs, parallel gc, windows-amd64)
GC Precious Log:
 CardTable entry size: 512
 CPUs: 4 total, 4 available
 Memory: 7959M
 Large Page Support: Disabled
 NUMA Support: Disabled
 Compressed Oops: Enabled (32-bit)
 Alignments: Space 512K, Generation 512K, Heap 2M
 Heap Min Capacity: 100M
 Heap Initial Capacity: 100M
 Heap Max Capacity: 2G
 Pre-touch: Disabled
 Parallel Workers: 4
Heap:
 PSYoungGen      total 7168K, used 2633K [0x00000000d5580000, 0x00000000d6000000, 0x0000000100000000)
  eden space 6144K, 32% used [0x00000000d5580000,0x00000000d576d2b0,0x00000000d5b80000)
  from space 1024K, 64% used [0x00000000d5e00000,0x00000000d5ea5220,0x00000000d5f00000)
  to   space 1024K, 0% used [0x00000000d5f00000,0x00000000d5f00000,0x00000000d6000000)
 ParOldGen       total 1114624K, used 1114144K [0x0000000080000000, 0x00000000c4080000, 0x00000000d5580000)
  object space 1114624K, 99% used [0x0000000080000000,0x00000000c40080b0,0x00000000c4080000)
 Metaspace       used 92751K, committed 94720K, reserved 1179648K
  class space    used 10967K, committed 11968K, reserved 1048576K
GC Heap History (20 events):
Event: 2552.624 GC heap before
{Heap before GC invocations=2625 (full 3):
 PSYoungGen      total 7680K, used 7476K [0x00000000d5580000, 0x00000000d6300000, 0x0000000100000000)
  eden space 6144K, 100% used [0x00000000d5580000,0x00000000d5b80000,0x00000000d5b80000)
  from space 1536K, 86% used [0x00000000d5b80000,0x00000000d5ccd200,0x00000000d5d00000)
  to   space 3072K, 0% used [0x00000000d6000000,0x00000000d6000000,0x00000000d6300000)
 ParOldGen       total 1110016K, used 1109736K [0x0000000080000000, 0x00000000c3c00000, 0x00000000d5580000)
  object space 1110016K, 99% used [0x0000000080000000,0x00000000c3bba058,0x00000000c3c00000)
 Metaspace       used 89416K, committed 91328K, reserved 1179648K
  class space    used 10559K, committed 11456K, reserved 1048576K
}
Event: 2552.628 GC heap after
{Heap after GC invocations=2625 (full 3):
 PSYoungGen      total 7168K, used 916K [0x00000000d5580000, 0x00000000d6100000, 0x0000000100000000)
  eden space 6144K, 0% used [0x00000000d5580000,0x00000000d5580000,0x00000000d5b80000)
  from space 1024K, 89% used [0x00000000d6000000,0x00000000d60e5200,0x00000000d6100000)
  to   space 1536K, 0% used [0x00000000d5e00000,0x00000000d5e00000,0x00000000d5f80000)
 ParOldGen       total 1111040K, used 1110964K [0x0000000080000000, 0x00000000c3d00000, 0x00000000d5580000)
  object space 1111040K, 99% used [0x0000000080000000,0x00000000c3ced268,0x00000000c3d00000)
 Metaspace       used 89416K, committed 91328K, reserved 1179648K
  class space    used 10559K, committed 11456K, reserved 1048576K
}
Event: 2570.851 GC heap before
{Heap before GC invocations=2626 (full 3):
 PSYoungGen      total 7168K, used 7060K [0x00000000d5580000, 0x00000000d6100000, 0x0000000100000000)
  eden space 6144K, 100% used [0x00000000d5580000,0x00000000d5b80000,0x00000000d5b80000)
  from space 1024K, 89% used [0x00000000d6000000,0x00000000d60e5200,0x00000000d6100000)
  to   space 1536K, 0% used [0x00000000d5e00000,0x00000000d5e00000,0x00000000d5f80000)
 ParOldGen       total 1111040K, used 1110964K [0x0000000080000000, 0x00000000c3d00000, 0x00000000d5580000)
  object space 1111040K, 99% used [0x0000000080000000,0x00000000c3ced268,0x00000000c3d00000)
 Metaspace       used 89515K, committed 91392K, reserved 1179648K
  class space    used 10559K, committed 11456K, reserved 1048576K
}
Event: 2570.863 GC heap after
{Heap after GC invocations=2626 (full 3):
 PSYoungGen      total 7680K, used 96K [0x00000000d5580000, 0x00000000d6080000, 0x0000000100000000)
  eden space 6144K, 0% used [0x00000000d5580000,0x00000000d5580000,0x00000000d5b80000)
  from space 1536K, 6% used [0x00000000d5e00000,0x00000000d5e18000,0x00000000d5f80000)
  to   space 512K, 0% used [0x00000000d6000000,0x00000000d6000000,0x00000000d6080000)
 ParOldGen       total 1111552K, used 1111370K [0x0000000080000000, 0x00000000c3d80000, 0x00000000d5580000)
  object space 1111552K, 99% used [0x0000000080000000,0x00000000c3d52a08,0x00000000c3d80000)
 Metaspace       used 89515K, committed 91392K, reserved 1179648K
  class space    used 10559K, committed 11456K, reserved 1048576K
}
Event: 2570.892 GC heap before
{Heap before GC invocations=2627 (full 3):
 PSYoungGen      total 7680K, used 6240K [0x00000000d5580000, 0x00000000d6080000, 0x0000000100000000)
  eden space 6144K, 100% used [0x00000000d5580000,0x00000000d5b80000,0x00000000d5b80000)
  from space 1536K, 6% used [0x00000000d5e00000,0x00000000d5e18000,0x00000000d5f80000)
  to   space 512K, 0% used [0x00000000d6000000,0x00000000d6000000,0x00000000d6080000)
 ParOldGen       total 1111552K, used 1111370K [0x0000000080000000, 0x00000000c3d80000, 0x00000000d5580000)
  object space 1111552K, 99% used [0x0000000080000000,0x00000000c3d52a08,0x00000000c3d80000)
 Metaspace       used 89516K, committed 91392K, reserved 1179648K
  class space    used 10559K, committed 11456K, reserved 1048576K
}
Event: 2570.896 GC heap after
{Heap after GC invocations=2627 (full 3):
 PSYoungGen      total 6656K, used 500K [0x00000000d5580000, 0x00000000d6080000, 0x0000000100000000)
  eden space 6144K, 0% used [0x00000000d5580000,0x00000000d5580000,0x00000000d5b80000)
  from space 512K, 97% used [0x00000000d6000000,0x00000000d607d200,0x00000000d6080000)
  to   space 1024K, 0% used [0x00000000d5e80000,0x00000000d5e80000,0x00000000d5f80000)
 ParOldGen       total 1112064K, used 1111631K [0x0000000080000000, 0x00000000c3e00000, 0x00000000d5580000)
  object space 1112064K, 99% used [0x0000000080000000,0x00000000c3d93c08,0x00000000c3e00000)
 Metaspace       used 89516K, committed 91392K, reserved 1179648K
  class space    used 10559K, committed 11456K, reserved 1048576K
}
Event: 2571.000 GC heap before
{Heap before GC invocations=2628 (full 3):
 PSYoungGen      total 6656K, used 6644K [0x00000000d5580000, 0x00000000d6080000, 0x0000000100000000)
  eden space 6144K, 100% used [0x00000000d5580000,0x00000000d5b80000,0x00000000d5b80000)
  from space 512K, 97% used [0x00000000d6000000,0x00000000d607d200,0x00000000d6080000)
  to   space 1024K, 0% used [0x00000000d5e80000,0x00000000d5e80000,0x00000000d5f80000)
 ParOldGen       total 1112064K, used 1111631K [0x0000000080000000, 0x00000000c3e00000, 0x00000000d5580000)
  object space 1112064K, 99% used [0x0000000080000000,0x00000000c3d93c08,0x00000000c3e00000)
 Metaspace       used 89535K, committed 91392K, reserved 1179648K
  class space    used 10561K, committed 11456K, reserved 1048576K
}
Event: 2571.005 GC heap after
{Heap after GC invocations=2628 (full 3):
 PSYoungGen      total 7168K, used 544K [0x00000000d5580000, 0x00000000d6080000, 0x0000000100000000)
  eden space 6144K, 0% used [0x00000000d5580000,0x00000000d5580000,0x00000000d5b80000)
  from space 1024K, 53% used [0x00000000d5e80000,0x00000000d5f08000,0x00000000d5f80000)
  to   space 1024K, 0% used [0x00000000d5f80000,0x00000000d5f80000,0x00000000d6080000)
 ParOldGen       total 1112576K, used 1112123K [0x0000000080000000, 0x00000000c3e80000, 0x00000000d5580000)
  object space 1112576K, 99% used [0x0000000080000000,0x00000000c3e0ee08,0x00000000c3e80000)
 Metaspace       used 89535K, committed 91392K, reserved 1179648K
  class space    used 10561K, committed 11456K, reserved 1048576K
}
Event: 2571.251 GC heap before
{Heap before GC invocations=2629 (full 3):
 PSYoungGen      total 7168K, used 6688K [0x00000000d5580000, 0x00000000d6080000, 0x0000000100000000)
  eden space 6144K, 100% used [0x00000000d5580000,0x00000000d5b80000,0x00000000d5b80000)
  from space 1024K, 53% used [0x00000000d5e80000,0x00000000d5f08000,0x00000000d5f80000)
  to   space 1024K, 0% used [0x00000000d5f80000,0x00000000d5f80000,0x00000000d6080000)
 ParOldGen       total 1112576K, used 1112123K [0x0000000080000000, 0x00000000c3e80000, 0x00000000d5580000)
  object space 1112576K, 99% used [0x0000000080000000,0x00000000c3e0ee08,0x00000000c3e80000)
 Metaspace       used 89996K, committed 91840K, reserved 1179648K
  class space    used 10606K, committed 11456K, reserved 1048576K
}
Event: 2571.255 GC heap after
{Heap after GC invocations=2629 (full 3):
 PSYoungGen      total 6656K, used 436K [0x00000000d5580000, 0x00000000d6000000, 0x0000000100000000)
  eden space 6144K, 0% used [0x00000000d5580000,0x00000000d5580000,0x00000000d5b80000)
  from space 512K, 85% used [0x00000000d5f80000,0x00000000d5fed200,0x00000000d6000000)
  to   space 512K, 0% used [0x00000000d5f00000,0x00000000d5f00000,0x00000000d5f80000)
 ParOldGen       total 1112576K, used 1112567K [0x0000000080000000, 0x00000000c3e80000, 0x00000000d5580000)
  object space 1112576K, 99% used [0x0000000080000000,0x00000000c3e7de58,0x00000000c3e80000)
 Metaspace       used 89996K, committed 91840K, reserved 1179648K
  class space    used 10606K, committed 11456K, reserved 1048576K
}
Event: 2573.611 GC heap before
{Heap before GC invocations=2630 (full 3):
 PSYoungGen      total 6656K, used 6580K [0x00000000d5580000, 0x00000000d6000000, 0x0000000100000000)
  eden space 6144K, 100% used [0x00000000d5580000,0x00000000d5b80000,0x00000000d5b80000)
  from space 512K, 85% used [0x00000000d5f80000,0x00000000d5fed200,0x00000000d6000000)
  to   space 512K, 0% used [0x00000000d5f00000,0x00000000d5f00000,0x00000000d5f80000)
 ParOldGen       total 1112576K, used 1112567K [0x0000000080000000, 0x00000000c3e80000, 0x00000000d5580000)
  object space 1112576K, 99% used [0x0000000080000000,0x00000000c3e7de58,0x00000000c3e80000)
 Metaspace       used 91017K, committed 92928K, reserved 1179648K
  class space    used 10719K, committed 11648K, reserved 1048576K
}
Event: 2573.623 GC heap after
{Heap after GC invocations=2630 (full 3):
 PSYoungGen      total 6656K, used 320K [0x00000000d5580000, 0x00000000d6000000, 0x0000000100000000)
  eden space 6144K, 0% used [0x00000000d5580000,0x00000000d5580000,0x00000000d5b80000)
  from space 512K, 62% used [0x00000000d5f00000,0x00000000d5f50000,0x00000000d5f80000)
  to   space 512K, 0% used [0x00000000d5f80000,0x00000000d5f80000,0x00000000d6000000)
 ParOldGen       total 1113088K, used 1112767K [0x0000000080000000, 0x00000000c3f00000, 0x00000000d5580000)
  object space 1113088K, 99% used [0x0000000080000000,0x00000000c3eafe58,0x00000000c3f00000)
 Metaspace       used 91017K, committed 92928K, reserved 1179648K
  class space    used 10719K, committed 11648K, reserved 1048576K
}
Event: 2573.859 GC heap before
{Heap before GC invocations=2631 (full 3):
 PSYoungGen      total 6656K, used 6464K [0x00000000d5580000, 0x00000000d6000000, 0x0000000100000000)
  eden space 6144K, 100% used [0x00000000d5580000,0x00000000d5b80000,0x00000000d5b80000)
  from space 512K, 62% used [0x00000000d5f00000,0x00000000d5f50000,0x00000000d5f80000)
  to   space 512K, 0% used [0x00000000d5f80000,0x00000000d5f80000,0x00000000d6000000)
 ParOldGen       total 1113088K, used 1112767K [0x0000000080000000, 0x00000000c3f00000, 0x00000000d5580000)
  object space 1113088K, 99% used [0x0000000080000000,0x00000000c3eafe58,0x00000000c3f00000)
 Metaspace       used 91873K, committed 93824K, reserved 1179648K
  class space    used 10847K, committed 11776K, reserved 1048576K
}
Event: 2573.864 GC heap after
{Heap after GC invocations=2631 (full 3):
 PSYoungGen      total 6656K, used 447K [0x00000000d5580000, 0x00000000d6000000, 0x0000000100000000)
  eden space 6144K, 0% used [0x00000000d5580000,0x00000000d5580000,0x00000000d5b80000)
  from space 512K, 87% used [0x00000000d5f80000,0x00000000d5fefc48,0x00000000d6000000)
  to   space 512K, 0% used [0x00000000d5f00000,0x00000000d5f00000,0x00000000d5f80000)
 ParOldGen       total 1113088K, used 1113019K [0x0000000080000000, 0x00000000c3f00000, 0x00000000d5580000)
  object space 1113088K, 99% used [0x0000000080000000,0x00000000c3eeeea8,0x00000000c3f00000)
 Metaspace       used 91873K, committed 93824K, reserved 1179648K
  class space    used 10847K, committed 11776K, reserved 1048576K
}
Event: 2574.186 GC heap before
{Heap before GC invocations=2632 (full 3):
 PSYoungGen      total 6656K, used 6591K [0x00000000d5580000, 0x00000000d6000000, 0x0000000100000000)
  eden space 6144K, 100% used [0x00000000d5580000,0x00000000d5b80000,0x00000000d5b80000)
  from space 512K, 87% used [0x00000000d5f80000,0x00000000d5fefc48,0x00000000d6000000)
  to   space 512K, 0% used [0x00000000d5f00000,0x00000000d5f00000,0x00000000d5f80000)
 ParOldGen       total 1113088K, used 1113019K [0x0000000080000000, 0x00000000c3f00000, 0x00000000d5580000)
  object space 1113088K, 99% used [0x0000000080000000,0x00000000c3eeeea8,0x00000000c3f00000)
 Metaspace       used 92673K, committed 94656K, reserved 1179648K
  class space    used 10956K, committed 11904K, reserved 1048576K
}
Event: 2574.191 GC heap after
{Heap after GC invocations=2632 (full 3):
 PSYoungGen      total 6656K, used 500K [0x00000000d5580000, 0x00000000d6000000, 0x0000000100000000)
  eden space 6144K, 0% used [0x00000000d5580000,0x00000000d5580000,0x00000000d5b80000)
  from space 512K, 97% used [0x00000000d5f00000,0x00000000d5f7d200,0x00000000d5f80000)
  to   space 512K, 0% used [0x00000000d5f80000,0x00000000d5f80000,0x00000000d6000000)
 ParOldGen       total 1113600K, used 1113400K [0x0000000080000000, 0x00000000c3f80000, 0x00000000d5580000)
  object space 1113600K, 99% used [0x0000000080000000,0x00000000c3f4e020,0x00000000c3f80000)
 Metaspace       used 92673K, committed 94656K, reserved 1179648K
  class space    used 10956K, committed 11904K, reserved 1048576K
}
Event: 2659.281 GC heap before
{Heap before GC invocations=2633 (full 3):
 PSYoungGen      total 6656K, used 6644K [0x00000000d5580000, 0x00000000d6000000, 0x0000000100000000)
  eden space 6144K, 100% used [0x00000000d5580000,0x00000000d5b80000,0x00000000d5b80000)
  from space 512K, 97% used [0x00000000d5f00000,0x00000000d5f7d200,0x00000000d5f80000)
  to   space 512K, 0% used [0x00000000d5f80000,0x00000000d5f80000,0x00000000d6000000)
 ParOldGen       total 1113600K, used 1113400K [0x0000000080000000, 0x00000000c3f80000, 0x00000000d5580000)
  object space 1113600K, 99% used [0x0000000080000000,0x00000000c3f4e020,0x00000000c3f80000)
 Metaspace       used 92703K, committed 94656K, reserved 1179648K
  class space    used 10960K, committed 11904K, reserved 1048576K
}
Event: 2660.129 GC heap after
{Heap after GC invocations=2633 (full 3):
 PSYoungGen      total 6656K, used 352K [0x00000000d5580000, 0x00000000d6000000, 0x0000000100000000)
  eden space 6144K, 0% used [0x00000000d5580000,0x00000000d5580000,0x00000000d5b80000)
  from space 512K, 68% used [0x00000000d5f80000,0x00000000d5fd8000,0x00000000d6000000)
  to   space 1024K, 0% used [0x00000000d5e00000,0x00000000d5e00000,0x00000000d5f00000)
 ParOldGen       total 1114112K, used 1113864K [0x0000000080000000, 0x00000000c4000000, 0x00000000d5580000)
  object space 1114112K, 99% used [0x0000000080000000,0x00000000c3fc2070,0x00000000c4000000)
 Metaspace       used 92703K, committed 94656K, reserved 1179648K
  class space    used 10960K, committed 11904K, reserved 1048576K
}
Event: 3351.517 GC heap before
{Heap before GC invocations=2634 (full 3):
 PSYoungGen      total 6656K, used 6496K [0x00000000d5580000, 0x00000000d6000000, 0x0000000100000000)
  eden space 6144K, 100% used [0x00000000d5580000,0x00000000d5b80000,0x00000000d5b80000)
  from space 512K, 68% used [0x00000000d5f80000,0x00000000d5fd8000,0x00000000d6000000)
  to   space 1024K, 0% used [0x00000000d5e00000,0x00000000d5e00000,0x00000000d5f00000)
 ParOldGen       total 1114112K, used 1113864K [0x0000000080000000, 0x00000000c4000000, 0x00000000d5580000)
  object space 1114112K, 99% used [0x0000000080000000,0x00000000c3fc2070,0x00000000c4000000)
 Metaspace       used 92739K, committed 94656K, reserved 1179648K
  class space    used 10962K, committed 11904K, reserved 1048576K
}
Event: 3352.441 GC heap after
{Heap after GC invocations=2634 (full 3):
 PSYoungGen      total 7168K, used 660K [0x00000000d5580000, 0x00000000d6000000, 0x0000000100000000)
  eden space 6144K, 0% used [0x00000000d5580000,0x00000000d5580000,0x00000000d5b80000)
  from space 1024K, 64% used [0x00000000d5e00000,0x00000000d5ea5220,0x00000000d5f00000)
  to   space 1024K, 0% used [0x00000000d5f00000,0x00000000d5f00000,0x00000000d6000000)
 ParOldGen       total 1114624K, used 1114144K [0x0000000080000000, 0x00000000c4080000, 0x00000000d5580000)
  object space 1114624K, 99% used [0x0000000080000000,0x00000000c40080b0,0x00000000c4080000)
 Metaspace       used 92739K, committed 94656K, reserved 1179648K
  class space    used 10962K, committed 11904K, reserved 1048576K
}

